<?xml version="1.0" encoding="UTF-8"?>
<!-- Generated by org.testng.reporters.JUnitXMLReporter -->
<testsuite hostname="DESKTOP-63B9VMP" name="Default test" tests="2" failures="0" timestamp="17 Jul 2025 15:19:02 GMT" time="0.11" errors="0">
  <testcase name="login" time="0.0" classname="parametertesng.test12">
    <skipped/>
  </testcase> <!-- login -->
  <testcase name="login" time="0.0" classname="parametertesng.test11">
    <skipped/>
  </testcase> <!-- login -->
</testsuite> <!-- Default test -->
