<?xml version="1.0" encoding="UTF-8"?>
<!-- Generated by org.testng.reporters.JUnitXMLReporter -->
<testsuite hostname="DESKTOP-63B9VMP" name="groupTest" tests="11" failures="0" timestamp="17 Jul 2025 12:40:04 GMT" time="0.156" errors="0">
  <testcase name="a1" time="0.046" classname="com.groupframework.test2"/>
  <testcase name="a2" time="0.0" classname="com.groupframework.test2"/>
  <testcase name="a3" time="0.0" classname="com.groupframework.test2"/>
  <testcase name="a4" time="0.0" classname="com.groupframework.test2"/>
  <testcase name="m1" time="0.0" classname="com.groupframework.test1"/>
  <testcase name="m1" time="0.016" classname="com.groupframework.test1"/>
  <testcase name="m2" time="0.0" classname="com.groupframework.test1"/>
  <testcase name="m3" time="0.0" classname="com.groupframework.test1"/>
  <testcase name="m4" time="0.0" classname="com.groupframework.test1"/>
  <testcase name="m5" time="0.0" classname="com.groupframework.test1"/>
  <testcase name="m6" time="0.0" classname="com.groupframework.test1"/>
</testsuite> <!-- groupTest -->
