<?xml version="1.0" encoding="UTF-8"?>
<!-- Generated by org.testng.reporters.JUnitXMLReporter -->
<testsuite hostname="DESKTOP-63B9VMP" name="myTest" tests="4" failures="0" timestamp="16 Jul 2025 10:06:05 GMT" time="87.969" errors="0">
  <testcase name="d1" time="0.0" classname="com.TestngFrameworkBeforeTestAfterTest.test4"/>
  <testcase name="d2" time="0.001" classname="com.TestngFrameworkBeforeTestAfterTest.test4"/>
  <testcase name="c1" time="0.002" classname="com.TestngFrameworkBeforeTestAfterTest.test3"/>
  <testcase name="c2" time="0.001" classname="com.TestngFrameworkBeforeTestAfterTest.test3"/>
</testsuite> <!-- myTest -->
